<?xml version="1.0" encoding="UTF-8"?>
<testng-results skipped="0" failed="1" ignored="0" total="1" passed="0">
  <reporter-output>
  </reporter-output>
  <suite name="Default suite" duration-ms="222559" started-at="2022-12-01T10:27:54 IST" finished-at="2022-12-01T10:31:36 IST">
    <groups>
    </groups>
    <test name="Default test" duration-ms="222559" started-at="2022-12-01T10:27:54 IST" finished-at="2022-12-01T10:31:36 IST">
      <class name="GelCareers.GelCareers.Inwards">
        <test-method status="PASS" signature="beforeTest()[pri:0, instance:GelCareers.GelCareers.Inwards@5c1a8622]" name="beforeTest" is-config="true" duration-ms="527" started-at="2022-12-01T10:27:54 IST" finished-at="2022-12-01T10:27:54 IST">
          <reporter-output>
          </reporter-output>
        </test-method> <!-- beforeTest -->
        <test-method status="PASS" signature="beforeclass()[pri:0, instance:GelCareers.GelCareers.Inwards@5c1a8622]" name="beforeclass" is-config="true" duration-ms="2263" started-at="2022-12-01T10:27:54 IST" finished-at="2022-12-01T10:27:57 IST">
          <reporter-output>
          </reporter-output>
        </test-method> <!-- beforeclass -->
        <test-method status="PASS" signature="BeforeMethod()[pri:0, instance:GelCareers.GelCareers.Inwards@5c1a8622]" name="BeforeMethod" is-config="true" duration-ms="1" started-at="2022-12-01T10:27:59 IST" finished-at="2022-12-01T10:27:59 IST">
          <reporter-output>
          </reporter-output>
        </test-method> <!-- BeforeMethod -->
        <test-method status="FAIL" signature="test1(java.util.List)[pri:1, instance:GelCareers.GelCareers.Inwards@5c1a8622]" name="test1" duration-ms="215383" started-at="2022-12-01T10:27:59 IST" data-provider="Extract_testcases" finished-at="2022-12-01T10:31:34 IST">
          <params>
            <param index="0">
              <value>
                <![CDATA[[[Test_scenario_number, 1, Test_scenario_desciption, interm reply, 0], [steps, Xpath, Data, expected data/error, Desciptions], [Open, 0, 0, 0, 0], [goto, 0, http://10.190.83.96/PGRS_TEST/, 0, 0], [wait, 0, 50000, 0, 0], [wait until presence of element, Pull greviance, 50, 0, 0], [click, Pull greviance, 0, 0, 0], [wait, null, 30000, 0, 0], [wait until presence of element, Ack filter, 50, 0, 0], [write, Ack filter, 95738, 0, 0], [wait, null, 3000, 0, 0], [click, Filter button, 0, 0, 0], [wait, null, 5000, 0, 0], [wait until presence of element, Search grid, 10, 0, 0], [click, Search grid, 0, 0, 0], [wait until presence of element, status, 10, 0, 0], [check_data, status, 0, Inreceipt, 0], [wait, null, 2000, 0, 0], [click, Process grieavance, 0, 0, 0], [wait until presence of element, process application, 5, 0, 0], [check Attribute Data, file upload table, style, display:none, 0], [wait, null, 2000, 0, 0], [check_options_in_select, Action, 0, Choose One
Submit interim reply
Submit final reply/ dispose 
Redirect to public grievance department
Return grievance to applicant
Mark as suggestion, 0], [select_dropdown, Action, Submit interim reply, 0, 0], [wait until presence of element, comment label, 5, 0, 0], [check_data, comment label, 0, Interim reply, 0], [write, remarks, dfgfgfgfhfh fghfghgfhgfhgfhgfgfnfunhdfdhfsuf sudfhisduhfds asdssd , 0, 0], [click, Submit, 0, 0, 0], [check_absence_Validation, remarks, 15, 0, 0], [wait until presence of element, Yes modal, 0, 0, 0], [click, Yes modal, 0, 0, 0], [wait until presence of element, final ok, 15, 0, 0], [click, final ok, 0, 0, 0], [wait, 5000, 0, 0, 0], [wait until presence of element, Pull greviance, 15, 0, 0], [click, Pull greviance, 0, 0, 0], [wait, null, 30000, 0, 0], [wait until presence of element, Ack filter, 50, 0, 0], [write, Ack filter, 95738, 0, 0], [wait, null, 3000, 0, 0], [click, Filter button, 0, 0, 0], [wait, null, 5000, 0, 0], [wait until presence of element, Search grid, 10, 0, 0], [click, Search grid, 0, 0, 0], [wait until presence of element, status, 10, 0, 0], [check_data, status, 0, In Progress, 0], [wait, 0, 5000, 0, 0], [Assert_all, 0, 0, 0, 0], [Done, 0, 0, 0, 0]]]]>
              </value>
            </param>
          </params>
          <exception class="org.openqa.selenium.TimeoutException">
            <message>
              <![CDATA[Expected condition failed: waiting for presence of element located by: By.xpath: //label[contains(@id,"StatusName")] (tried for 10 second(s) with 500 milliseconds interval)]]>
            </message>
            <full-stacktrace>
              <![CDATA[org.openqa.selenium.TimeoutException: Expected condition failed: waiting for presence of element located by: By.xpath: //label[contains(@id,"StatusName")] (tried for 10 second(s) with 500 milliseconds interval)
at org.openqa.selenium.support.ui.WebDriverWait.timeoutException(WebDriverWait.java:87)
at org.openqa.selenium.support.ui.FluentWait.until(FluentWait.java:231)
at com.required.Testing_variables.waituntil_presence(Testing_variables.java:764)
at GelCareers.GelCareers.Inwards.test1(Inwards.java:628)
at sun.reflect.NativeMethodAccessorImpl.invoke0(Native Method)
at sun.reflect.NativeMethodAccessorImpl.invoke(Unknown Source)
at sun.reflect.DelegatingMethodAccessorImpl.invoke(Unknown Source)
at java.lang.reflect.Method.invoke(Unknown Source)
at org.testng.internal.MethodInvocationHelper.invokeMethod(MethodInvocationHelper.java:132)
at org.testng.internal.TestInvoker.invokeMethod(TestInvoker.java:599)
at org.testng.internal.TestInvoker.invokeTestMethod(TestInvoker.java:174)
at org.testng.internal.MethodRunner.runInSequence(MethodRunner.java:46)
at org.testng.internal.TestInvoker$MethodInvocationAgent.invoke(TestInvoker.java:822)
at org.testng.internal.TestInvoker.invokeTestMethods(TestInvoker.java:147)
at org.testng.internal.TestMethodWorker.invokeTestMethods(TestMethodWorker.java:146)
at org.testng.internal.TestMethodWorker.run(TestMethodWorker.java:128)
at java.util.ArrayList.forEach(Unknown Source)
at org.testng.TestRunner.privateRun(TestRunner.java:764)
at org.testng.TestRunner.run(TestRunner.java:585)
at org.testng.SuiteRunner.runTest(SuiteRunner.java:384)
at org.testng.SuiteRunner.runSequentially(SuiteRunner.java:378)
at org.testng.SuiteRunner.privateRun(SuiteRunner.java:337)
at org.testng.SuiteRunner.run(SuiteRunner.java:286)
at org.testng.SuiteRunnerWorker.runSuite(SuiteRunnerWorker.java:53)
at org.testng.SuiteRunnerWorker.run(SuiteRunnerWorker.java:96)
at org.testng.TestNG.runSuitesSequentially(TestNG.java:1218)
at org.testng.TestNG.runSuitesLocally(TestNG.java:1140)
at org.testng.TestNG.runSuites(TestNG.java:1069)
at org.testng.TestNG.run(TestNG.java:1037)
at org.testng.remote.AbstractRemoteTestNG.run(AbstractRemoteTestNG.java:115)
at org.testng.remote.RemoteTestNG.initAndRun(RemoteTestNG.java:251)
at org.testng.remote.RemoteTestNG.main(RemoteTestNG.java:77)
Caused by: org.openqa.selenium.NoSuchElementException: no such element: Unable to locate element: {"method":"xpath","selector":"//label[contains(@id,"StatusName")]"}
  (Session info: chrome=107.0.5304.108)
For documentation on this error, please visit: https://selenium.dev/exceptions/#no_such_element
Build info: version: '4.5.0', revision: 'fe167b119a'
System info: os.name: 'Windows 10', os.arch: 'amd64', os.version: '10.0', java.version: '1.8.0_202'
Driver info: org.openqa.selenium.chrome.ChromeDriver
Command: [66f11b76d103404285bd8d7f254eed7f, findElement {using=xpath, value=//label[contains(@id,"StatusName")]}]
Capabilities {acceptInsecureCerts: false, browserName: chrome, browserVersion: 107.0.5304.108, chrome: {chromedriverVersion: 107.0.5304.62 (1eec40d3a576..., userDataDir: C:\Users\Admin\AppData\Loca...}, goog:chromeOptions: {debuggerAddress: localhost:64437}, networkConnectionEnabled: false, pageLoadStrategy: normal, platformName: WINDOWS, proxy: Proxy(), se:cdp: ws://localhost:64437/devtoo..., se:cdpVersion: 107.0.5304.108, setWindowRect: true, strictFileInteractability: false, timeouts: {implicit: 0, pageLoad: 300000, script: 30000}, unhandledPromptBehavior: dismiss and notify, webauthn:extension:credBlob: true, webauthn:extension:largeBlob: true, webauthn:virtualAuthenticators: true}
Session ID: 66f11b76d103404285bd8d7f254eed7f
at sun.reflect.NativeConstructorAccessorImpl.newInstance0(Native Method)
at sun.reflect.NativeConstructorAccessorImpl.newInstance(Unknown Source)
at sun.reflect.DelegatingConstructorAccessorImpl.newInstance(Unknown Source)
at java.lang.reflect.Constructor.newInstance(Unknown Source)
at org.openqa.selenium.remote.codec.w3c.W3CHttpResponseCodec.createException(W3CHttpResponseCodec.java:200)
at org.openqa.selenium.remote.codec.w3c.W3CHttpResponseCodec.decode(W3CHttpResponseCodec.java:133)
at org.openqa.selenium.remote.codec.w3c.W3CHttpResponseCodec.decode(W3CHttpResponseCodec.java:53)
at org.openqa.selenium.remote.HttpCommandExecutor.execute(HttpCommandExecutor.java:184)
at org.openqa.selenium.remote.service.DriverCommandExecutor.invokeExecute(DriverCommandExecutor.java:167)
at org.openqa.selenium.remote.service.DriverCommandExecutor.execute(DriverCommandExecutor.java:142)
at org.openqa.selenium.remote.RemoteWebDriver.execute(RemoteWebDriver.java:547)
at org.openqa.selenium.remote.ElementLocation$ElementFinder$2.findElement(ElementLocation.java:162)
at org.openqa.selenium.remote.ElementLocation.findElement(ElementLocation.java:60)
at org.openqa.selenium.remote.RemoteWebDriver.findElement(RemoteWebDriver.java:365)
at org.openqa.selenium.remote.RemoteWebDriver.findElement(RemoteWebDriver.java:357)
at org.openqa.selenium.support.ui.ExpectedConditions$6.apply(ExpectedConditions.java:174)
at org.openqa.selenium.support.ui.ExpectedConditions$6.apply(ExpectedConditions.java:171)
at org.openqa.selenium.support.ui.FluentWait.until(FluentWait.java:208)
... 30 more
]]>
            </full-stacktrace>
          </exception> <!-- org.openqa.selenium.TimeoutException -->
          <reporter-output>
          </reporter-output>
        </test-method> <!-- test1 -->
        <test-method status="PASS" signature="AfterMethod(java.lang.reflect.Method, org.testng.ITestResult)[pri:0, instance:GelCareers.GelCareers.Inwards@5c1a8622]" name="AfterMethod" is-config="true" duration-ms="1211" started-at="2022-12-01T10:31:34 IST" finished-at="2022-12-01T10:31:36 IST">
          <params>
            <param index="0">
              <value>
                <![CDATA[void GelCareers.GelCareers.Inwards.test1(java.util.List) throws java.lang.Exception]]>
              </value>
            </param>
            <param index="1">
              <value>
                <![CDATA[[TestResult name=test1 status=FAILURE method=Inwards.test1(java.util.List)[pri:1, instance:GelCareers.GelCareers.Inwards@5c1a8622] output={null}]]]>
              </value>
            </param>
          </params>
          <reporter-output>
          </reporter-output>
        </test-method> <!-- AfterMethod -->
        <test-method status="PASS" signature="Afterclass()[pri:0, instance:GelCareers.GelCareers.Inwards@5c1a8622]" name="Afterclass" is-config="true" duration-ms="39" started-at="2022-12-01T10:31:36 IST" finished-at="2022-12-01T10:31:36 IST">
          <reporter-output>
          </reporter-output>
        </test-method> <!-- Afterclass -->
        <test-method status="PASS" signature="afterTest()[pri:0, instance:GelCareers.GelCareers.Inwards@5c1a8622]" name="afterTest" is-config="true" duration-ms="795" started-at="2022-12-01T10:31:36 IST" finished-at="2022-12-01T10:31:36 IST">
          <reporter-output>
          </reporter-output>
        </test-method> <!-- afterTest -->
      </class> <!-- GelCareers.GelCareers.Inwards -->
    </test> <!-- Default test -->
  </suite> <!-- Default suite -->
</testng-results>
